# JRE version: OpenJDK Runtime Environment Temurin-21.0.10+7 (21.0.10+7) (build 21.0.10+7-LTS)
# Java VM: OpenJDK 64-Bit Server VM Temurin-21.0.10+7 (21.0.10+7-LTS, mixed mode, sharing, tiered, compressed oops, compressed class ptrs, parallel gc, windows-amd64)
GC Precious Log:
 CardTable entry size: 512
 CPUs: 12 total, 12 available
 Memory: 7813M
 Large Page Support: Disabled
 NUMA Support: Disabled
 Compressed Oops: Enabled (32-bit)
 Alignments: Space 512K, Generation 512K, Heap 2M
 Heap Min Capacity: 100M
 Heap Initial Capacity: 100M
 Heap Max Capacity: 2G
 Pre-touch: Disabled
 Parallel Workers: 10
Heap:
 PSYoungGen      total 7680K, used 2950K [0x00000000d5580000, 0x00000000d6200000, 0x0000000100000000)
  eden space 6656K, 31% used [0x00000000d5580000,0x00000000d5789a98,0x00000000d5c00000)
  from space 1024K, 84% used [0x00000000d6100000,0x00000000d61d8000,0x00000000d6200000)
  to   space 1536K, 0% used [0x00000000d5f00000,0x00000000d5f00000,0x00000000d6080000)
 ParOldGen       total 623616K, used 623382K [0x0000000080000000, 0x00000000a6100000, 0x00000000d5580000)
  object space 623616K, 99% used [0x0000000080000000,0x00000000a60c5918,0x00000000a6100000)
 Metaspace       used 99376K, committed 101120K, reserved 1179648K
  class space    used 10206K, committed 11072K, reserved 1048576K
GC Heap History (20 events):
Event: 8423.431 GC heap before
{Heap before GC invocations=1934 (full 6):
 PSYoungGen      total 9216K, used 8596K [0x00000000d5580000, 0x00000000d6380000, 0x0000000100000000)
  eden space 5120K, 100% used [0x00000000d5580000,0x00000000d5a80000,0x00000000d5a80000)
  from space 4096K, 84% used [0x00000000d5f80000,0x00000000d62e5200,0x00000000d6380000)
  to   space 4608K, 0% used [0x00000000d5a80000,0x00000000d5a80000,0x00000000d5f00000)
 ParOldGen       total 608768K, used 608484K [0x0000000080000000, 0x00000000a5280000, 0x00000000d5580000)
  object space 608768K, 99% used [0x0000000080000000,0x00000000a5239298,0x00000000a5280000)
 Metaspace       used 99369K, committed 101120K, reserved 1179648K
  class space    used 10206K, committed 11072K, reserved 1048576K
}
Event: 8423.435 GC heap after
{Heap after GC invocations=1934 (full 6):
 PSYoungGen      total 6144K, used 768K [0x00000000d5580000, 0x00000000d6000000, 0x0000000100000000)
  eden space 5120K, 0% used [0x00000000d5580000,0x00000000d5580000,0x00000000d5a80000)
  from space 1024K, 75% used [0x00000000d5a80000,0x00000000d5b40000,0x00000000d5b80000)
  to   space 2048K, 0% used [0x00000000d5e00000,0x00000000d5e00000,0x00000000d6000000)
 ParOldGen       total 611840K, used 611832K [0x0000000080000000, 0x00000000a5580000, 0x00000000d5580000)
  object space 611840K, 99% used [0x0000000080000000,0x00000000a557e228,0x00000000a5580000)
 Metaspace       used 99369K, committed 101120K, reserved 1179648K
  class space    used 10206K, committed 11072K, reserved 1048576K
}
Event: 8423.439 GC heap before
{Heap before GC invocations=1935 (full 6):
 PSYoungGen      total 6144K, used 5888K [0x00000000d5580000, 0x00000000d6000000, 0x0000000100000000)
  eden space 5120K, 100% used [0x00000000d5580000,0x00000000d5a80000,0x00000000d5a80000)
  from space 1024K, 75% used [0x00000000d5a80000,0x00000000d5b40000,0x00000000d5b80000)
  to   space 2048K, 0% used [0x00000000d5e00000,0x00000000d5e00000,0x00000000d6000000)
 ParOldGen       total 611840K, used 611832K [0x0000000080000000, 0x00000000a5580000, 0x00000000d5580000)
  object space 611840K, 99% used [0x0000000080000000,0x00000000a557e228,0x00000000a5580000)
 Metaspace       used 99369K, committed 101120K, reserved 1179648K
  class space    used 10206K, committed 11072K, reserved 1048576K
}
Event: 8423.440 GC heap after
{Heap after GC invocations=1935 (full 6):
 PSYoungGen      total 7168K, used 736K [0x00000000d5580000, 0x00000000d5f00000, 0x0000000100000000)
  eden space 6144K, 0% used [0x00000000d5580000,0x00000000d5580000,0x00000000d5b80000)
  from space 1024K, 71% used [0x00000000d5e00000,0x00000000d5eb8000,0x00000000d5f00000)
  to   space 1024K, 0% used [0x00000000d5d00000,0x00000000d5d00000,0x00000000d5e00000)
 ParOldGen       total 612864K, used 612536K [0x0000000080000000, 0x00000000a5680000, 0x00000000d5580000)
  object space 612864K, 99% used [0x0000000080000000,0x00000000a562e288,0x00000000a5680000)
 Metaspace       used 99369K, committed 101120K, reserved 1179648K
  class space    used 10206K, committed 11072K, reserved 1048576K
}
Event: 8423.447 GC heap before
{Heap before GC invocations=1936 (full 6):
 PSYoungGen      total 7168K, used 6880K [0x00000000d5580000, 0x00000000d5f00000, 0x0000000100000000)
  eden space 6144K, 100% used [0x00000000d5580000,0x00000000d5b80000,0x00000000d5b80000)
  from space 1024K, 71% used [0x00000000d5e00000,0x00000000d5eb8000,0x00000000d5f00000)
  to   space 1024K, 0% used [0x00000000d5d00000,0x00000000d5d00000,0x00000000d5e00000)
 ParOldGen       total 612864K, used 612536K [0x0000000080000000, 0x00000000a5680000, 0x00000000d5580000)
  object space 612864K, 99% used [0x0000000080000000,0x00000000a562e288,0x00000000a5680000)
 Metaspace       used 99369K, committed 101120K, reserved 1179648K
  class space    used 10206K, committed 11072K, reserved 1048576K
}
Event: 8423.448 GC heap after
{Heap after GC invocations=1936 (full 6):
 PSYoungGen      total 8704K, used 928K [0x00000000d5580000, 0x00000000d5f00000, 0x0000000100000000)
  eden space 7680K, 0% used [0x00000000d5580000,0x00000000d5580000,0x00000000d5d00000)
  from space 1024K, 90% used [0x00000000d5d00000,0x00000000d5de8000,0x00000000d5e00000)
  to   space 1024K, 0% used [0x00000000d5e00000,0x00000000d5e00000,0x00000000d5f00000)
 ParOldGen       total 613376K, used 613072K [0x0000000080000000, 0x00000000a5700000, 0x00000000d5580000)
  object space 613376K, 99% used [0x0000000080000000,0x00000000a56b42e8,0x00000000a5700000)
 Metaspace       used 99369K, committed 101120K, reserved 1179648K
  class space    used 10206K, committed 11072K, reserved 1048576K
}
Event: 8423.459 GC heap before
{Heap before GC invocations=1937 (full 6):
 PSYoungGen      total 8704K, used 8608K [0x00000000d5580000, 0x00000000d5f00000, 0x0000000100000000)
  eden space 7680K, 100% used [0x00000000d5580000,0x00000000d5d00000,0x00000000d5d00000)
  from space 1024K, 90% used [0x00000000d5d00000,0x00000000d5de8000,0x00000000d5e00000)
  to   space 1024K, 0% used [0x00000000d5e00000,0x00000000d5e00000,0x00000000d5f00000)
 ParOldGen       total 613376K, used 613072K [0x0000000080000000, 0x00000000a5700000, 0x00000000d5580000)
  object space 613376K, 99% used [0x0000000080000000,0x00000000a56b42e8,0x00000000a5700000)
 Metaspace       used 99372K, committed 101120K, reserved 1179648K
  class space    used 10206K, committed 11072K, reserved 1048576K
}
Event: 8423.461 GC heap after
{Heap after GC invocations=1937 (full 6):
 PSYoungGen      total 7680K, used 1024K [0x00000000d5580000, 0x00000000d6280000, 0x0000000100000000)
  eden space 6656K, 0% used [0x00000000d5580000,0x00000000d5580000,0x00000000d5c00000)
  from space 1024K, 100% used [0x00000000d5e00000,0x00000000d5f00000,0x00000000d5f00000)
  to   space 2048K, 0% used [0x00000000d5c00000,0x00000000d5c00000,0x00000000d5e00000)
 ParOldGen       total 613888K, used 613856K [0x0000000080000000, 0x00000000a5780000, 0x00000000d5580000)
  object space 613888K, 99% used [0x0000000080000000,0x00000000a5778388,0x00000000a5780000)
 Metaspace       used 99372K, committed 101120K, reserved 1179648K
  class space    used 10206K, committed 11072K, reserved 1048576K
}
Event: 8447.311 GC heap before
{Heap before GC invocations=1938 (full 6):
 PSYoungGen      total 7680K, used 7680K [0x00000000d5580000, 0x00000000d6280000, 0x0000000100000000)
  eden space 6656K, 100% used [0x00000000d5580000,0x00000000d5c00000,0x00000000d5c00000)
  from space 1024K, 100% used [0x00000000d5e00000,0x00000000d5f00000,0x00000000d5f00000)
  to   space 2048K, 0% used [0x00000000d5c00000,0x00000000d5c00000,0x00000000d5e00000)
 ParOldGen       total 613888K, used 613856K [0x0000000080000000, 0x00000000a5780000, 0x00000000d5580000)
  object space 613888K, 99% used [0x0000000080000000,0x00000000a5778388,0x00000000a5780000)
 Metaspace       used 99374K, committed 101120K, reserved 1179648K
  class space    used 10206K, committed 11072K, reserved 1048576K
}
Event: 8447.314 GC heap after
{Heap after GC invocations=1938 (full 6):
 PSYoungGen      total 7680K, used 890K [0x00000000d5580000, 0x00000000d5f00000, 0x0000000100000000)
  eden space 6656K, 0% used [0x00000000d5580000,0x00000000d5580000,0x00000000d5c00000)
  from space 1024K, 86% used [0x00000000d5c00000,0x00000000d5cde900,0x00000000d5d00000)
  to   space 1536K, 0% used [0x00000000d5d80000,0x00000000d5d80000,0x00000000d5f00000)
 ParOldGen       total 614912K, used 614784K [0x0000000080000000, 0x00000000a5880000, 0x00000000d5580000)
  object space 614912K, 99% used [0x0000000080000000,0x00000000a58603d8,0x00000000a5880000)
 Metaspace       used 99374K, committed 101120K, reserved 1179648K
  class space    used 10206K, committed 11072K, reserved 1048576K
}
Event: 8447.323 GC heap before
{Heap before GC invocations=1939 (full 6):
 PSYoungGen      total 7680K, used 7546K [0x00000000d5580000, 0x00000000d5f00000, 0x0000000100000000)
  eden space 6656K, 100% used [0x00000000d5580000,0x00000000d5c00000,0x00000000d5c00000)
  from space 1024K, 86% used [0x00000000d5c00000,0x00000000d5cde900,0x00000000d5d00000)
  to   space 1536K, 0% used [0x00000000d5d80000,0x00000000d5d80000,0x00000000d5f00000)
 ParOldGen       total 614912K, used 614784K [0x0000000080000000, 0x00000000a5880000, 0x00000000d5580000)
  object space 614912K, 99% used [0x0000000080000000,0x00000000a58603d8,0x00000000a5880000)
 Metaspace       used 99374K, committed 101120K, reserved 1179648K
  class space    used 10206K, committed 11072K, reserved 1048576K
}
Event: 8447.324 GC heap after
{Heap after GC invocations=1939 (full 6):
 PSYoungGen      total 7680K, used 810K [0x00000000d5580000, 0x00000000d5e80000, 0x0000000100000000)
  eden space 6656K, 0% used [0x00000000d5580000,0x00000000d5580000,0x00000000d5c00000)
  from space 1024K, 79% used [0x00000000d5d80000,0x00000000d5e4a910,0x00000000d5e80000)
  to   space 1024K, 0% used [0x00000000d5c00000,0x00000000d5c00000,0x00000000d5d00000)
 ParOldGen       total 615936K, used 615480K [0x0000000080000000, 0x00000000a5980000, 0x00000000d5580000)
  object space 615936K, 99% used [0x0000000080000000,0x00000000a590e3a0,0x00000000a5980000)
 Metaspace       used 99374K, committed 101120K, reserved 1179648K
  class space    used 10206K, committed 11072K, reserved 1048576K
}
Event: 8447.337 GC heap before
{Heap before GC invocations=1940 (full 6):
 PSYoungGen      total 7680K, used 7466K [0x00000000d5580000, 0x00000000d5e80000, 0x0000000100000000)
  eden space 6656K, 100% used [0x00000000d5580000,0x00000000d5c00000,0x00000000d5c00000)
  from space 1024K, 79% used [0x00000000d5d80000,0x00000000d5e4a910,0x00000000d5e80000)
  to   space 1024K, 0% used [0x00000000d5c00000,0x00000000d5c00000,0x00000000d5d00000)
 ParOldGen       total 615936K, used 615480K [0x0000000080000000, 0x00000000a5980000, 0x00000000d5580000)
  object space 615936K, 99% used [0x0000000080000000,0x00000000a590e3a0,0x00000000a5980000)
 Metaspace       used 99374K, committed 101120K, reserved 1179648K
  class space    used 10206K, committed 11072K, reserved 1048576K
}
Event: 8447.340 GC heap after
{Heap after GC invocations=1940 (full 6):
 PSYoungGen      total 7680K, used 1012K [0x00000000d5580000, 0x00000000d6a00000, 0x0000000100000000)
  eden space 6656K, 0% used [0x00000000d5580000,0x00000000d5580000,0x00000000d5c00000)
  from space 1024K, 98% used [0x00000000d5c00000,0x00000000d5cfd350,0x00000000d5d00000)
  to   space 7168K, 0% used [0x00000000d6300000,0x00000000d6300000,0x00000000d6a00000)
 ParOldGen       total 620544K, used 620410K [0x0000000080000000, 0x00000000a5e00000, 0x00000000d5580000)
  object space 620544K, 99% used [0x0000000080000000,0x00000000a5dde880,0x00000000a5e00000)
 Metaspace       used 99374K, committed 101120K, reserved 1179648K
  class space    used 10206K, committed 11072K, reserved 1048576K
}
Event: 8447.374 GC heap before
{Heap before GC invocations=1941 (full 6):
 PSYoungGen      total 7680K, used 7668K [0x00000000d5580000, 0x00000000d6a00000, 0x0000000100000000)
  eden space 6656K, 100% used [0x00000000d5580000,0x00000000d5c00000,0x00000000d5c00000)
  from space 1024K, 98% used [0x00000000d5c00000,0x00000000d5cfd350,0x00000000d5d00000)
  to   space 7168K, 0% used [0x00000000d6300000,0x00000000d6300000,0x00000000d6a00000)
 ParOldGen       total 620544K, used 620410K [0x0000000080000000, 0x00000000a5e00000, 0x00000000d5580000)
  object space 620544K, 99% used [0x0000000080000000,0x00000000a5dde880,0x00000000a5e00000)
 Metaspace       used 99376K, committed 101120K, reserved 1179648K
  class space    used 10206K, committed 11072K, reserved 1048576K
}
Event: 8447.376 GC heap after
{Heap after GC invocations=1941 (full 6):
 PSYoungGen      total 10240K, used 3497K [0x00000000d5580000, 0x00000000d6680000, 0x0000000100000000)
  eden space 6656K, 0% used [0x00000000d5580000,0x00000000d5580000,0x00000000d5c00000)
  from space 3584K, 97% used [0x00000000d6300000,0x00000000d666a7d0,0x00000000d6680000)
  to   space 4608K, 0% used [0x00000000d5d80000,0x00000000d5d80000,0x00000000d6200000)
 ParOldGen       total 621568K, used 621436K [0x0000000080000000, 0x00000000a5f00000, 0x00000000d5580000)
  object space 621568K, 99% used [0x0000000080000000,0x00000000a5edf338,0x00000000a5f00000)
 Metaspace       used 99376K, committed 101120K, reserved 1179648K
  class space    used 10206K, committed 11072K, reserved 1048576K
}
Event: 8447.389 GC heap before
{Heap before GC invocations=1942 (full 6):
 PSYoungGen      total 10240K, used 10153K [0x00000000d5580000, 0x00000000d6680000, 0x0000000100000000)
  eden space 6656K, 100% used [0x00000000d5580000,0x00000000d5c00000,0x00000000d5c00000)
  from space 3584K, 97% used [0x00000000d6300000,0x00000000d666a7d0,0x00000000d6680000)
  to   space 4608K, 0% used [0x00000000d5d80000,0x00000000d5d80000,0x00000000d6200000)
 ParOldGen       total 621568K, used 621436K [0x0000000080000000, 0x00000000a5f00000, 0x00000000d5580000)
  object space 621568K, 99% used [0x0000000080000000,0x00000000a5edf338,0x00000000a5f00000)
 Metaspace       used 99376K, committed 101120K, reserved 1179648K
  class space    used 10206K, committed 11072K, reserved 1048576K
}
Event: 8447.391 GC heap after
{Heap after GC invocations=1942 (full 6):
 PSYoungGen      total 7680K, used 1012K [0x00000000d5580000, 0x00000000d6380000, 0x0000000100000000)
  eden space 6656K, 0% used [0x00000000d5580000,0x00000000d5580000,0x00000000d5c00000)
  from space 1024K, 98% used [0x00000000d5d80000,0x00000000d5e7d220,0x00000000d5e80000)
  to   space 2560K, 0% used [0x00000000d6100000,0x00000000d6100000,0x00000000d6380000)
 ParOldGen       total 623104K, used 622592K [0x0000000080000000, 0x00000000a6080000, 0x00000000d5580000)
  object space 623104K, 99% used [0x0000000080000000,0x00000000a6000110,0x00000000a6080000)
 Metaspace       used 99376K, committed 101120K, reserved 1179648K
  class space    used 10206K, committed 11072K, reserved 1048576K
}
Event: 8447.397 GC heap before
{Heap before GC invocations=1943 (full 6):
 PSYoungGen      total 7680K, used 7668K [0x00000000d5580000, 0x00000000d6380000, 0x0000000100000000)
  eden space 6656K, 100% used [0x00000000d5580000,0x00000000d5c00000,0x00000000d5c00000)
  from space 1024K, 98% used [0x00000000d5d80000,0x00000000d5e7d220,0x00000000d5e80000)
  to   space 2560K, 0% used [0x00000000d6100000,0x00000000d6100000,0x00000000d6380000)
 ParOldGen       total 623104K, used 622592K [0x0000000080000000, 0x00000000a6080000, 0x00000000d5580000)
  object space 623104K, 99% used [0x0000000080000000,0x00000000a6000110,0x00000000a6080000)
 Metaspace       used 99376K, committed 101120K, reserved 1179648K
  class space    used 10206K, committed 11072K, reserved 1048576K
}
Event: 8447.398 GC heap after
{Heap after GC invocations=1943 (full 6):
 PSYoungGen      total 7680K, used 864K [0x00000000d5580000, 0x00000000d6200000, 0x0000000100000000)
  eden space 6656K, 0% used [0x00000000d5580000,0x00000000d5580000,0x00000000d5c00000)
  from space 1024K, 84% used [0x00000000d6100000,0x00000000d61d8000,0x00000000d6200000)
  to   space 1536K, 0% used [0x00000000d5f00000,0x00000000d5f00000,0x00000000d6080000)
 ParOldGen       total 623616K, used 623382K [0x0000000080000000, 0x00000000a6100000, 0x00000000d5580000)
  object space 623616K, 99% used [0x0000000080000000,0x00000000a60c5918,0x00000000a6100000)
 Metaspace       used 99376K, committed 101120K, reserved 1179648K
  class space    used 10206K, committed 11072K, reserved 1048576K
}

